<?xml version="1.0" encoding="UTF-8"?>
<testng-results skipped="0" failed="0" ignored="0" total="1" passed="1">
  <reporter-output>
  </reporter-output>
  <suite name="Default suite" duration-ms="13136" started-at="2021-03-07T14:08:46 CST" finished-at="2021-03-07T14:08:59 CST">
    <groups>
    </groups>
    <test name="Default test" duration-ms="13136" started-at="2021-03-07T14:08:46 CST" finished-at="2021-03-07T14:08:59 CST">
      <class name="test.AddNewAccountTest">
        <test-method status="PASS" signature="userLogInScenario()[pri:0, instance:test.AddNewAccountTest@1165b38]" name="userLogInScenario" duration-ms="13107" started-at="2021-03-07T14:08:46 CST" finished-at="2021-03-07T14:08:59 CST">
          <reporter-output>
          </reporter-output>
        </test-method> <!-- userLogInScenario -->
      </class> <!-- test.AddNewAccountTest -->
    </test> <!-- Default test -->
  </suite> <!-- Default suite -->
</testng-results>
